build/app/intermediates/manifest_merge_blame_file/debug/manifest-merger-blame-debug-report.txt
1<?xml version="1.0" encoding="utf-8"?>
2<manifest xmlns:android="http://schemas.android.com/apk/res/android"
3    package="com.example.promts"
4    android:versionCode="1"
5    android:versionName="1.0.0" >
6
7    <uses-sdk
8        android:minSdkVersion="21"
9        android:targetSdkVersion="33" />
10    <!--
11         The INTERNET permission is required for development. Specifically,
12         the Flutter tool needs it to communicate with the running application
13         to allow setting breakpoints, to provide hot reload, etc.
14    -->
15    <uses-permission android:name="android.permission.INTERNET" />
15-->src/main/AndroidManifest.xml:9:5-66
15-->src/main/AndroidManifest.xml:9:22-64
16
17    <queries>
17-->src/main/AndroidManifest.xml:3:7-7:15
18        <intent>
18-->src/main/AndroidManifest.xml:4:9-6:18
19            <action android:name="android.intent.action.TTS_SERVICE" />
19-->src/main/AndroidManifest.xml:5:13-72
19-->src/main/AndroidManifest.xml:5:21-69
20        </intent>
21    </queries>
22
23    <uses-permission android:name="android.permission.RECORD_AUDIO" />
23-->src/main/AndroidManifest.xml:8:5-70
23-->src/main/AndroidManifest.xml:8:22-68
24    <uses-permission android:name="android.permission.BLUETOOTH" />
24-->src/main/AndroidManifest.xml:10:5-67
24-->src/main/AndroidManifest.xml:10:22-65
25    <uses-permission android:name="android.permission.BLUETOOTH_ADMIN" />
25-->src/main/AndroidManifest.xml:11:5-73
25-->src/main/AndroidManifest.xml:11:22-71
26    <uses-permission android:name="android.permission.BLUETOOTH_CONNECT" />
26-->src/main/AndroidManifest.xml:12:5-75
26-->src/main/AndroidManifest.xml:12:22-73
27
28    <permission
28-->[androidx.core:core:1.9.0] AndroidManifest.xml:22:5-24:47
29        android:name="com.example.promts.DYNAMIC_RECEIVER_NOT_EXPORTED_PERMISSION"
29-->[androidx.core:core:1.9.0] AndroidManifest.xml:23:9-81
30        android:protectionLevel="signature" />
30-->[androidx.core:core:1.9.0] AndroidManifest.xml:24:9-44
31
32    <uses-permission android:name="com.example.promts.DYNAMIC_RECEIVER_NOT_EXPORTED_PERMISSION" />
32-->[androidx.core:core:1.9.0] AndroidManifest.xml:26:5-97
32-->[androidx.core:core:1.9.0] AndroidManifest.xml:26:22-94
33
34    <application
35        android:name="android.app.Application"
36        android:appComponentFactory="androidx.core.app.CoreComponentFactory"
36-->[androidx.core:core:1.9.0] AndroidManifest.xml:28:18-86
37        android:debuggable="true"
38        android:icon="@mipmap/ic_launcher"
39        android:label="promts" >
40        <activity
41            android:name="com.example.promts.MainActivity"
42            android:configChanges="orientation|keyboardHidden|keyboard|screenSize|smallestScreenSize|locale|layoutDirection|fontScale|screenLayout|density|uiMode"
43            android:exported="true"
44            android:hardwareAccelerated="true"
45            android:launchMode="singleTop"
46            android:theme="@style/LaunchTheme"
47            android:windowSoftInputMode="adjustResize" >
48
49            <!--
50                 Specifies an Android theme to apply to this Activity as soon as
51                 the Android process has started. This theme is visible to the user
52                 while the Flutter UI initializes. After that, this theme continues
53                 to determine the Window background behind the Flutter UI.
54            -->
55            <meta-data
56                android:name="io.flutter.embedding.android.NormalTheme"
57                android:resource="@style/NormalTheme" />
58
59            <intent-filter>
60                <action android:name="android.intent.action.MAIN" />
61
62                <category android:name="android.intent.category.LAUNCHER" />
63            </intent-filter>
64        </activity>
65        <!--
66             Don't delete the meta-data below.
67             This is used by the Flutter tool to generate GeneratedPluginRegistrant.java
68        -->
69        <meta-data
70            android:name="flutterEmbedding"
71            android:value="2" />
72        <!--
73           Declares a provider which allows us to store files to share in
74           '.../caches/share_plus' and grant the receiving action access
75        -->
76        <provider
76-->[:share_plus] AndroidManifest.xml:15:9-23:20
77            android:name="dev.fluttercommunity.plus.share.ShareFileProvider"
77-->[:share_plus] AndroidManifest.xml:16:13-77
78            android:authorities="com.example.promts.flutter.share_provider"
78-->[:share_plus] AndroidManifest.xml:17:13-74
79            android:exported="false"
79-->[:share_plus] AndroidManifest.xml:18:13-37
80            android:grantUriPermissions="true" >
80-->[:share_plus] AndroidManifest.xml:19:13-47
81            <meta-data
81-->[:share_plus] AndroidManifest.xml:20:13-22:68
82                android:name="android.support.FILE_PROVIDER_PATHS"
82-->[:share_plus] AndroidManifest.xml:21:17-67
83                android:resource="@xml/flutter_share_file_paths" />
83-->[:share_plus] AndroidManifest.xml:22:17-65
84        </provider>
85        <!--
86           This manifest declared broadcast receiver allows us to use an explicit
87           Intent when creating a PendingItent to be informed of the user's choice
88        -->
89        <receiver
89-->[:share_plus] AndroidManifest.xml:28:9-34:20
90            android:name="dev.fluttercommunity.plus.share.SharePlusPendingIntent"
90-->[:share_plus] AndroidManifest.xml:29:13-82
91            android:exported="true" >
91-->[:share_plus] AndroidManifest.xml:30:13-36
92            <intent-filter>
92-->[:share_plus] AndroidManifest.xml:31:13-33:29
93                <action android:name="EXTRA_CHOSEN_COMPONENT" />
93-->[:share_plus] AndroidManifest.xml:32:17-65
93-->[:share_plus] AndroidManifest.xml:32:25-62
94            </intent-filter>
95        </receiver>
96
97        <activity
97-->[:url_launcher_android] AndroidManifest.xml:10:9-13:74
98            android:name="io.flutter.plugins.urllauncher.WebViewActivity"
98-->[:url_launcher_android] AndroidManifest.xml:11:13-74
99            android:exported="false"
99-->[:url_launcher_android] AndroidManifest.xml:12:13-37
100            android:theme="@android:style/Theme.NoTitleBar.Fullscreen" />
100-->[:url_launcher_android] AndroidManifest.xml:13:13-71
101
102        <uses-library
102-->[androidx.window:window:1.0.0-beta04] AndroidManifest.xml:25:9-27:40
103            android:name="androidx.window.extensions"
103-->[androidx.window:window:1.0.0-beta04] AndroidManifest.xml:26:13-54
104            android:required="false" />
104-->[androidx.window:window:1.0.0-beta04] AndroidManifest.xml:27:13-37
105        <uses-library
105-->[androidx.window:window:1.0.0-beta04] AndroidManifest.xml:28:9-30:40
106            android:name="androidx.window.sidecar"
106-->[androidx.window:window:1.0.0-beta04] AndroidManifest.xml:29:13-51
107            android:required="false" />
107-->[androidx.window:window:1.0.0-beta04] AndroidManifest.xml:30:13-37
108    </application>
109
110</manifest>